#
# A fatal error has been detected by the Java Runtime Environment:
#
#  SIGSEGV (0xb) at pc=0x00007fff78c49fb0, pid=30243, tid=0x0000000000000307
#
# JRE version: Java(TM) SE Runtime Environment (8.0_111-b14) (build 1.8.0_111-b14)
# Java VM: Java HotSpot(TM) 64-Bit Server VM (25.111-b14 mixed mode bsd-amd64 compressed oops)
# Problematic frame:
# C  [libsystem_platform.dylib+0x5fb0]  _platform_strncpy+0x40
#
# Failed to write core dump. Core dumps have been disabled. To enable core dumping, try "ulimit -c unlimited" before starting Java again
#
# If you would like to submit a bug report, please visit:
#   http://bugreport.java.com/bugreport/crash.jsp
# The crash happened outside the Java Virtual Machine in native code.
# See problematic frame for where to report the bug.
#

---------------  T H R E A D  ---------------

Current thread (0x00007f8a9c156000):  JavaThread "AppKit Thread" daemon [_thread_in_native, id=775, stack(0x00007ffee3a80000,0x00007ffee4280000)]

siginfo: si_signo: 11 (SIGSEGV), si_code: 1 (SEGV_MAPERR), si_addr: 0x0000000000000000

Registers:
RAX=0x0000000000000000, RBX=0x000070000c9ff668, RCX=0x000000000000000c, RDX=0x00000000000000ff
RSP=0x00007ffee427b8b8, RBP=0x00007ffee427b8d0, RSI=0x0000000000000000, RDI=0x000070000c9ff6e4
R8 =0x000070000c9ff6e4, R9 =0x0000000000000000, R10=0x00007f8a9dcafc50, R11=0x00007fff78c49f70
R12=0x0000000000000000, R13=0x0000000000000000, R14=0x0000000136c564be, R15=0x00007fffaba2ef80
RIP=0x00007fff78c49fb0, EFLAGS=0x0000000000010202, ERR=0x0000000000000004
  TRAPNO=0x000000000000000e

Top of Stack: (sp=0x00007ffee427b8b8)
0x00007ffee427b8b8:   0000000136c49e56 000070000c9ff5b0
0x00007ffee427b8c8:   0000000000000000 00007ffee427b8f0
0x00007ffee427b8d8:   00007fff78a119a6 000070000c9ff600
0x00007ffee427b8e8:   000070000c9ff5b0 00007ffee427b930
0x00007ffee427b8f8:   00007fff78a29063 00007fffaba2ef80
0x00007ffee427b908:   0000000000000000 0000000000000000
0x00007ffee427b918:   000070000c9ff5b0 0000000000000013
0x00007ffee427b928:   0000000000000000 00007ffee427b950
0x00007ffee427b938:   00007fff78a119a6 00000000000020ff
0x00007ffee427b948:   000070000c9ff5b0 00007ffee427b9e0
0x00007ffee427b958:   00007fff78a1c7e4 0000000000000000
0x00007ffee427b968:   0000000000000000 0000000000000000
0x00007ffee427b978:   0000000000000000 00007fffaba2ef80
0x00007ffee427b988:   0000000000000000 0000000000000001
0x00007ffee427b998:   000070000c9ff5b0 0000000000000000
0x00007ffee427b9a8:   00000000000020ff 0000000000000000
0x00007ffee427b9b8:   00007f8a9b50dfc0 0000000000000001
0x00007ffee427b9c8:   00007ffee427bab0 0000000000000f03
0x00007ffee427b9d8:   00007f8a9b50e0c0 00007ffee427b9f0
0x00007ffee427b9e8:   00007fff4b964fbb 00007ffee427c6e0
0x00007ffee427b9f8:   00007fff4b92fbe9 00007fffa404edd0
0x00007ffee427ba08:   00007fff49a56302 0000000000000c03
0x00007ffee427ba18:   0000000000000f03 00007fffa45c48d0
0x00007ffee427ba28:   00007fff49a580ab 00007fff49a5e54d
0x00007ffee427ba38:   00007fff49a562ae 000000010b99f080
0x00007ffee427ba48:   0000000000000000 00007f8a9dc148c0
0x00007ffee427ba58:   ffffffffffffffff 0000000000000000
0x00007ffee427ba68:   41c077ca5c165c46 00007f8a9dc148d0
0x00007ffee427ba78:   00007f8a9b50dfd0 00007f8a9b50e0d0
0x00007ffee427ba88:   0000000000000000 00007ffee427bab0
0x00007ffee427ba98:   0000000100000c03 00007f8a9b809068
0x00007ffee427baa8:   00000f0300000f03 0000001800001100 

Instructions: (pc=0x00007fff78c49fb0)
0x00007fff78c49f90:   ca c1 e9 04 75 4a b9 10 00 00 00 48 83 fa 1f 77
0x00007fff78c49fa0:   0f 89 d1 85 d2 75 09 e9 ac 00 00 00 0f 1f 40 00
0x00007fff78c49fb0:   0f b6 06 48 83 c6 01 48 83 ea 01 88 07 48 83 c7
0x00007fff78c49fc0:   01 85 c0 0f 84 83 00 00 00 48 83 e9 01 75 e1 48 

Register to memory mapping:

RAX=0x0000000000000000 is an unknown value
RBX=0x000070000c9ff668 is pointing into the stack for thread: 0x00007f8a9c328000
RCX=0x000000000000000c is an unknown value
RDX=0x00000000000000ff is an unknown value
RSP=0x00007ffee427b8b8 is pointing into the stack for thread: 0x00007f8a9c156000
RBP=0x00007ffee427b8d0 is pointing into the stack for thread: 0x00007f8a9c156000
RSI=0x0000000000000000 is an unknown value
RDI=0x000070000c9ff6e4 is pointing into the stack for thread: 0x00007f8a9c328000
R8 =0x000070000c9ff6e4 is pointing into the stack for thread: 0x00007f8a9c328000
R9 =0x0000000000000000 is an unknown value
R10=0x00007f8a9dcafc50 is an unknown value
R11=0x00007fff78c49f70: _platform_strncpy+0 in /usr/lib/system/libsystem_platform.dylib at 0x00007fff78c44000
R12=0x0000000000000000 is an unknown value
R13=0x0000000000000000 is an unknown value
R14=0x0000000136c564be: GCC_except_table25+0x606 in /private/var/folders/s3/wwp7g3hn3r94628zwgkf5f800000gn/T/bluecove_mr.blissfulgrin_0/libbluecove.jnilib at 0x0000000136c46000
R15=0x00007fffaba2ef80: _dispatch_main_q+0 in /usr/lib/system/libdispatch.dylib at 0x00007fff78a10000


Stack: [0x00007ffee3a80000,0x00007ffee4280000],  sp=0x00007ffee427b8b8,  free space=8174k
Native frames: (J=compiled Java code, j=interpreted, Vv=VM code, C=native code)
C  [libsystem_platform.dylib+0x5fb0]  _platform_strncpy+0x40
C  [libdispatch.dylib+0x19a6]  _dispatch_client_callout+0x8
C  [libdispatch.dylib+0x19063]  _dispatch_async_and_wait_invoke+0x57
C  [libdispatch.dylib+0x19a6]  _dispatch_client_callout+0x8
C  [libdispatch.dylib+0xc7e4]  _dispatch_main_queue_callback_4CF+0x469
C  [CoreFoundation+0xa0fbb]  __CFRUNLOOP_IS_SERVICING_THE_MAIN_DISPATCH_QUEUE__+0x9
C  [CoreFoundation+0x6bbe9]  __CFRunLoopRun+0x925
C  [CoreFoundation+0x6b0a7]  CFRunLoopRunSpecific+0x1cf
C  [HIToolbox+0x3014b]  RunCurrentEventLoopInMode+0x125
C  [HIToolbox+0x2fe85]  ReceiveNextEventCommon+0x26a
C  [HIToolbox+0x2fc02]  _BlockUntilNextEventMatchingListInModeWithFilter+0x40
C  [AppKit+0x4119e]  _DPSNextEvent+0x3e8
C  [AppKit+0x78caa6]  -[NSApplication(NSEvent) _nextEventMatchingEventMask:untilDate:inMode:dequeue:]+0x54c
C  [libosxapp.dylib+0x23aa]  -[NSApplicationAWT nextEventMatchingMask:untilDate:inMode:dequeue:]+0x7c
C  [AppKit+0x3688e]  -[NSApplication run]+0x2bb
C  [libosxapp.dylib+0x214d]  +[NSApplicationAWT runAWTLoopWithApp:]+0x9c
C  [libawt_lwawt.dylib+0x444b3]  -[AWTStarter starter:]+0x389
C  [Foundation+0x66f6a]  __NSThreadPerformPerform+0x147
C  [CoreFoundation+0x851a0]  __CFRUNLOOP_IS_CALLING_OUT_TO_A_SOURCE0_PERFORM_FUNCTION__+0x11
C  [CoreFoundation+0x122cd2]  __CFRunLoopDoSource0+0x6c
C  [CoreFoundation+0x6c1f8]  __CFRunLoopDoSources0+0xc3
C  [CoreFoundation+0x6b78d]  __CFRunLoopRun+0x4c9
C  [CoreFoundation+0x6b0a7]  CFRunLoopRunSpecific+0x1cf
C  [java+0x6465]  CreateExecutionEnvironment+0x367
C  [java+0x218c]  JLI_Launch+0x7a0
C  [java+0x84c2]  main+0x65
C  [java+0x19e4]  start+0x34
C  0x0000000000000006


---------------  P R O C E S S  ---------------

Java Threads: ( => current thread )
  0x00007f8a9cabc000 JavaThread "BluecoveAsynchronousShutdownThread" daemon [_thread_blocked, id=69395, stack(0x000070000ca04000,0x000070000cb04000)]
  0x00007f8a9c328000 JavaThread "Thread-2" [_thread_in_native, id=56591, stack(0x000070000c901000,0x000070000ca01000)]
  0x00007f8a9c20e800 JavaThread "Java2D Queue Flusher" daemon [_thread_blocked, id=51727, stack(0x000070000c7fe000,0x000070000c8fe000)]
  0x00007f8a9c982000 JavaThread "Java2D Disposer" daemon [_thread_blocked, id=48647, stack(0x000070000c6fb000,0x000070000c7fb000)]
  0x00007f8a9b8a9000 JavaThread "AWT-Shutdown" [_thread_blocked, id=25639, stack(0x000070000c3ec000,0x000070000c4ec000)]
=>0x00007f8a9c156000 JavaThread "AppKit Thread" daemon [_thread_in_native, id=775, stack(0x00007ffee3a80000,0x00007ffee4280000)]
  0x00007f8a9c037800 JavaThread "Service Thread" daemon [_thread_blocked, id=13571, stack(0x000070000c1e6000,0x000070000c2e6000)]
  0x00007f8a9c851000 JavaThread "C1 CompilerThread2" daemon [_thread_blocked, id=13315, stack(0x000070000c0e3000,0x000070000c1e3000)]
  0x00007f8a9c850000 JavaThread "C2 CompilerThread1" daemon [_thread_in_native, id=13059, stack(0x000070000bfe0000,0x000070000c0e0000)]
  0x00007f8a9c84e800 JavaThread "C2 CompilerThread0" daemon [_thread_in_native, id=17667, stack(0x000070000bedd000,0x000070000bfdd000)]
  0x00007f8a9b821000 JavaThread "Signal Dispatcher" daemon [_thread_blocked, id=18179, stack(0x000070000bdda000,0x000070000beda000)]
  0x00007f8a9c831800 JavaThread "Finalizer" daemon [_thread_blocked, id=11779, stack(0x000070000bcd7000,0x000070000bdd7000)]
  0x00007f8a9c019000 JavaThread "Reference Handler" daemon [_thread_blocked, id=20483, stack(0x000070000bbd4000,0x000070000bcd4000)]
  0x00007f8a9c001800 JavaThread "main" [_thread_blocked, id=10499, stack(0x000070000b5c2000,0x000070000b6c2000)]

Other Threads:
  0x00007f8a9c018800 VMThread [stack: 0x000070000bad1000,0x000070000bbd1000] [id=20739]
  0x00007f8a9d01e800 WatcherThread [stack: 0x000070000c2e9000,0x000070000c3e9000] [id=16899]

VM state:not at safepoint (normal execution)

VM Mutex/Monitor currently owned by a thread: None

Heap:
 PSYoungGen      total 76288K, used 69735K [0x000000076ab00000, 0x0000000774000000, 0x00000007c0000000)
  eden space 65536K, 93% used [0x000000076ab00000,0x000000076e6fc0c0,0x000000076eb00000)
  from space 10752K, 77% used [0x000000076eb00000,0x000000076f31df20,0x000000076f580000)
  to   space 10752K, 0% used [0x0000000773580000,0x0000000773580000,0x0000000774000000)
 ParOldGen       total 175104K, used 97718K [0x00000006c0000000, 0x00000006cab00000, 0x000000076ab00000)
  object space 175104K, 55% used [0x00000006c0000000,0x00000006c5f6da10,0x00000006cab00000)
 Metaspace       used 10074K, capacity 10273K, committed 10368K, reserved 1058816K
  class space    used 1077K, capacity 1151K, committed 1152K, reserved 1048576K

Card table byte_map: [0x000000010d5aa000,0x000000010ddab000] byte_map_base: 0x0000000109faa000

Marking Bits: (ParMarkBitMap*) 0x000000010caefd20
 Begin Bits: [0x000000012011e000, 0x000000012411e000)
 End Bits:   [0x000000012411e000, 0x000000012811e000)

Polling page: 0x000000010b9f2000

CodeCache: size=245760Kb used=2939Kb max_used=2939Kb free=242820Kb
 bounds [0x000000011111e000, 0x000000011140e000, 0x000000012011e000]
 total_blobs=1257 nmethods=737 adapters=434
 compilation: enabled

Compilation events (10 events):
Event: 5.625 Thread 0x00007f8a9c851000  734   !   3       java.util.zip.Inflater::reset (69 bytes)
Event: 5.626 Thread 0x00007f8a9c851000 nmethod 734 0x00000001113fb010 code [0x00000001113fb1a0, 0x00000001113fb618]
Event: 5.631 Thread 0x00007f8a9c851000  736       3       java.util.ArrayDeque::add (7 bytes)
Event: 5.631 Thread 0x00007f8a9c851000 nmethod 736 0x00000001113fbf90 code [0x00000001113fc100, 0x00000001113fc2a8]
Event: 5.631 Thread 0x00007f8a9c851000  737       3       java.util.ArrayDeque::addLast (53 bytes)
Event: 5.632 Thread 0x00007f8a9c851000 nmethod 737 0x00000001113feb50 code [0x00000001113fece0, 0x00000001113ff0f8]
Event: 5.632 Thread 0x00007f8a9c851000  738       3       java.util.zip.ZipEntry::getSize (5 bytes)
Event: 5.632 Thread 0x00007f8a9c851000 nmethod 738 0x00000001113fe850 code [0x00000001113fe9a0, 0x00000001113feaf0]
Event: 5.634 Thread 0x00007f8a9c851000  739       3       org.lwjgl.BufferChecks::checkFunctionAddress (23 bytes)
Event: 5.634 Thread 0x00007f8a9c851000 nmethod 739 0x00000001113fe3d0 code [0x00000001113fe540, 0x00000001113fe788]

GC Heap History (6 events):
Event: 3.937 GC heap before
{Heap before GC invocations=1 (full 0):
 PSYoungGen      total 76288K, used 65536K [0x000000076ab00000, 0x0000000770000000, 0x00000007c0000000)
  eden space 65536K, 100% used [0x000000076ab00000,0x000000076eb00000,0x000000076eb00000)
  from space 10752K, 0% used [0x000000076f580000,0x000000076f580000,0x0000000770000000)
  to   space 10752K, 0% used [0x000000076eb00000,0x000000076eb00000,0x000000076f580000)
 ParOldGen       total 175104K, used 0K [0x00000006c0000000, 0x00000006cab00000, 0x000000076ab00000)
  object space 175104K, 0% used [0x00000006c0000000,0x00000006c0000000,0x00000006cab00000)
 Metaspace       used 7986K, capacity 8146K, committed 8192K, reserved 1056768K
  class space    used 919K, capacity 989K, committed 1024K, reserved 1048576K
Event: 3.965 GC heap after
Heap after GC invocations=1 (full 0):
 PSYoungGen      total 76288K, used 8539K [0x000000076ab00000, 0x0000000770000000, 0x00000007c0000000)
  eden space 65536K, 0% used [0x000000076ab00000,0x000000076ab00000,0x000000076eb00000)
  from space 10752K, 79% used [0x000000076eb00000,0x000000076f356c98,0x000000076f580000)
  to   space 10752K, 0% used [0x000000076f580000,0x000000076f580000,0x0000000770000000)
 ParOldGen       total 175104K, used 49160K [0x00000006c0000000, 0x00000006cab00000, 0x000000076ab00000)
  object space 175104K, 28% used [0x00000006c0000000,0x00000006c3002030,0x00000006cab00000)
 Metaspace       used 7986K, capacity 8146K, committed 8192K, reserved 1056768K
  class space    used 919K, capacity 989K, committed 1024K, reserved 1048576K
}
Event: 4.142 GC heap before
{Heap before GC invocations=2 (full 0):
 PSYoungGen      total 76288K, used 74075K [0x000000076ab00000, 0x0000000770000000, 0x00000007c0000000)
  eden space 65536K, 100% used [0x000000076ab00000,0x000000076eb00000,0x000000076eb00000)
  from space 10752K, 79% used [0x000000076eb00000,0x000000076f356c98,0x000000076f580000)
  to   space 10752K, 0% used [0x000000076f580000,0x000000076f580000,0x0000000770000000)
 ParOldGen       total 175104K, used 49160K [0x00000006c0000000, 0x00000006cab00000, 0x000000076ab00000)
  object space 175104K, 28% used [0x00000006c0000000,0x00000006c3002030,0x00000006cab00000)
 Metaspace       used 7987K, capacity 8146K, committed 8192K, reserved 1056768K
  class space    used 919K, capacity 989K, committed 1024K, reserved 1048576K
Event: 4.151 GC heap after
Heap after GC invocations=2 (full 0):
 PSYoungGen      total 76288K, used 8327K [0x000000076ab00000, 0x0000000774000000, 0x00000007c0000000)
  eden space 65536K, 0% used [0x000000076ab00000,0x000000076ab00000,0x000000076eb00000)
  from space 10752K, 77% used [0x000000076f580000,0x000000076fda1f30,0x0000000770000000)
  to   space 10752K, 0% used [0x000000076eb00000,0x000000076eb00000,0x000000076f580000)
 ParOldGen       total 175104K, used 63031K [0x00000006c0000000, 0x00000006cab00000, 0x000000076ab00000)
  object space 175104K, 35% used [0x00000006c0000000,0x00000006c3d8de70,0x00000006cab00000)
 Metaspace       used 7987K, capacity 8146K, committed 8192K, reserved 1056768K
  class space    used 919K, capacity 989K, committed 1024K, reserved 1048576K
}
Event: 4.360 GC heap before
{Heap before GC invocations=3 (full 0):
 PSYoungGen      total 76288K, used 73863K [0x000000076ab00000, 0x0000000774000000, 0x00000007c0000000)
  eden space 65536K, 100% used [0x000000076ab00000,0x000000076eb00000,0x000000076eb00000)
  from space 10752K, 77% used [0x000000076f580000,0x000000076fda1f30,0x0000000770000000)
  to   space 10752K, 0% used [0x000000076eb00000,0x000000076eb00000,0x000000076f580000)
 ParOldGen       total 175104K, used 63031K [0x00000006c0000000, 0x00000006cab00000, 0x000000076ab00000)
  object space 175104K, 35% used [0x00000006c0000000,0x00000006c3d8de70,0x00000006cab00000)
 Metaspace       used 7998K, capacity 8146K, committed 8192K, reserved 1056768K
  class space    used 921K, capacity 989K, committed 1024K, reserved 1048576K
Event: 4.389 GC heap after
Heap after GC invocations=3 (full 0):
 PSYoungGen      total 76288K, used 8311K [0x000000076ab00000, 0x0000000774000000, 0x00000007c0000000)
  eden space 65536K, 0% used [0x000000076ab00000,0x000000076ab00000,0x000000076eb00000)
  from space 10752K, 77% used [0x000000076eb00000,0x000000076f31df20,0x000000076f580000)
  to   space 10752K, 0% used [0x0000000773580000,0x0000000773580000,0x0000000774000000)
 ParOldGen       total 175104K, used 97718K [0x00000006c0000000, 0x00000006cab00000, 0x000000076ab00000)
  object space 175104K, 55% used [0x00000006c0000000,0x00000006c5f6da10,0x00000006cab00000)
 Metaspace       used 7998K, capacity 8146K, committed 8192K, reserved 1056768K
  class space    used 921K, capacity 989K, committed 1024K, reserved 1048576K
}

Deoptimization events (1 events):
Event: 5.633 Thread 0x00007f8a9c328000 Uncommon trap: reason=unstable_if action=reinterpret pc=0x000000011139d72c method=java.lang.String.<init>([CII)V @ 18

Internal exceptions (10 events):
Event: 0.273 Thread 0x00007f8a9c001800 Exception <a 'java/security/PrivilegedActionException'> (0x000000076addde90) thrown at [/Users/java_re/workspace/8-2-build-macosx-x86_64/jdk8u111/7883/hotspot/src/share/vm/prims/jvm.cpp, line 1386]
Event: 0.274 Thread 0x00007f8a9c001800 Exception <a 'java/security/PrivilegedActionException'> (0x000000076ade1380) thrown at [/Users/java_re/workspace/8-2-build-macosx-x86_64/jdk8u111/7883/hotspot/src/share/vm/prims/jvm.cpp, line 1386]
Event: 0.274 Thread 0x00007f8a9c001800 Exception <a 'java/security/PrivilegedActionException'> (0x000000076ade1590) thrown at [/Users/java_re/workspace/8-2-build-macosx-x86_64/jdk8u111/7883/hotspot/src/share/vm/prims/jvm.cpp, line 1386]
Event: 0.345 Thread 0x00007f8a9c001800 Exception <a 'java/lang/NoSuchFieldError': method resolution failed> (0x000000076aeae2c8) thrown at [/Users/java_re/workspace/8-2-build-macosx-x86_64/jdk8u111/7883/hotspot/src/share/vm/prims/methodHandles.cpp, line 1146]
Event: 0.350 Thread 0x00007f8a9c001800 Exception <a 'java/lang/NoSuchFieldError': method resolution failed> (0x000000076aebba18) thrown at [/Users/java_re/workspace/8-2-build-macosx-x86_64/jdk8u111/7883/hotspot/src/share/vm/prims/methodHandles.cpp, line 1146]
Event: 3.280 Thread 0x00007f8a9c001800 Exception <a 'java/io/FileNotFoundException'> (0x000000076af36fb0) thrown at [/Users/java_re/workspace/8-2-build-macosx-x86_64/jdk8u111/7883/hotspot/src/share/vm/prims/jni.cpp, line 709]
Event: 3.280 Thread 0x00007f8a9c001800 Exception <a 'java/io/FileNotFoundException'> (0x000000076af37b60) thrown at [/Users/java_re/workspace/8-2-build-macosx-x86_64/jdk8u111/7883/hotspot/src/share/vm/prims/jni.cpp, line 709]
Event: 3.590 Thread 0x00007f8a9c001800 Exception <a 'java/io/FileNotFoundException'> (0x000000076bf427c8) thrown at [/Users/java_re/workspace/8-2-build-macosx-x86_64/jdk8u111/7883/hotspot/src/share/vm/prims/jni.cpp, line 709]
Event: 5.584 Thread 0x00007f8a9c328000 Exception <a 'java/lang/NoClassDefFoundError': org/apache/log4j/Category> (0x000000076e622ba0) thrown at [/Users/java_re/workspace/8-2-build-macosx-x86_64/jdk8u111/7883/hotspot/src/share/vm/classfile/systemDictionary.cpp, line 199]
Event: 5.597 Thread 0x00007f8a9c328000 Exception <a 'java/lang/UnsatisfiedLinkError': com.intel.bluetooth.BluetoothStackOSX.isNativeCodeLoaded()Z> (0x000000076e65abc8) thrown at [/Users/java_re/workspace/8-2-build-macosx-x86_64/jdk8u111/7883/hotspot/src/share/vm/prims/nativeLookup.cpp, line 37

Events (10 events):
Event: 5.631 loading class com/intel/bluetooth/BluetoothRFCommInputStream done
Event: 5.632 loading class com/intel/bluetooth/BluetoothRFCommOutputStream
Event: 5.632 loading class com/intel/bluetooth/BluetoothRFCommOutputStream done
Event: 5.633 Thread 0x00007f8a9c328000 Uncommon trap: trap_request=0xffffff65 fr.pc=0x000000011139d72c
Event: 5.633 Thread 0x00007f8a9c328000 DEOPT PACKING pc=0x000000011139d72c sp=0x000070000ca002a0
Event: 5.633 Thread 0x00007f8a9c328000 DEOPT UNPACKING pc=0x0000000111123229 sp=0x000070000ca00268 mode 2
Event: 5.633 loading class javax/bluetooth/LocalDevice
Event: 5.633 loading class javax/bluetooth/LocalDevice done
Event: 5.634 loading class javax/bluetooth/DiscoveryAgent
Event: 5.634 loading class javax/bluetooth/DiscoveryAgent done


Dynamic libraries:
0x00000000219ad000 	/System/Library/Frameworks/Cocoa.framework/Versions/A/Cocoa
0x00000000219ad000 	/System/Library/Frameworks/Security.framework/Versions/A/Security
0x00000000219ad000 	/System/Library/Frameworks/ApplicationServices.framework/Versions/A/ApplicationServices
0x00000000219ad000 	/usr/lib/libz.1.dylib
0x00000000219ad000 	/usr/lib/libSystem.B.dylib
0x00000000219ad000 	/usr/lib/libobjc.A.dylib
0x00000000219ad000 	/System/Library/Frameworks/CoreFoundation.framework/Versions/A/CoreFoundation
0x00000000219ad000 	/System/Library/Frameworks/Foundation.framework/Versions/C/Foundation
0x00000000219ad000 	/System/Library/Frameworks/AppKit.framework/Versions/C/AppKit
0x00000000219ad000 	/System/Library/Frameworks/CoreData.framework/Versions/A/CoreData
0x00000000219ad000 	/System/Library/PrivateFrameworks/RemoteViewServices.framework/Versions/A/RemoteViewServices
0x00000000219ad000 	/System/Library/PrivateFrameworks/UIFoundation.framework/Versions/A/UIFoundation
0x00000000219ad000 	/System/Library/PrivateFrameworks/XCTTargetBootstrap.framework/Versions/A/XCTTargetBootstrap
0x00000000219ad000 	/System/Library/PrivateFrameworks/IconServices.framework/Versions/A/IconServices
0x00000000219ad000 	/System/Library/Frameworks/Metal.framework/Versions/A/Metal
0x00000000219ad000 	/System/Library/PrivateFrameworks/DesktopServicesPriv.framework/Versions/A/DesktopServicesPriv
0x00000000219ad000 	/usr/lib/libenergytrace.dylib
0x00000000219ad000 	/System/Library/PrivateFrameworks/SkyLight.framework/Versions/A/SkyLight
0x00000000219ad000 	/System/Library/Frameworks/CoreGraphics.framework/Versions/A/CoreGraphics
0x00000000219ad000 	/System/Library/Frameworks/Accelerate.framework/Versions/A/Accelerate
0x00000000219ad000 	/System/Library/Frameworks/IOSurface.framework/Versions/A/IOSurface
0x00000000219ad000 	/System/Library/PrivateFrameworks/DFRFoundation.framework/Versions/A/DFRFoundation
0x00000000219ad000 	/System/Library/Frameworks/AudioToolbox.framework/Versions/A/AudioToolbox
0x00000000219ad000 	/System/Library/Frameworks/AudioUnit.framework/Versions/A/AudioUnit
0x00000000219ad000 	/System/Library/PrivateFrameworks/DataDetectorsCore.framework/Versions/A/DataDetectorsCore
0x00000000219ad000 	/System/Library/Frameworks/Carbon.framework/Versions/A/Frameworks/HIToolbox.framework/Versions/A/HIToolbox
0x00000000219ad000 	/usr/lib/libicucore.A.dylib
0x00000000219ad000 	/System/Library/Frameworks/QuartzCore.framework/Versions/A/QuartzCore
0x00000000219ad000 	/System/Library/Frameworks/Carbon.framework/Versions/A/Frameworks/SpeechRecognition.framework/Versions/A/SpeechRecognition
0x00000000219ad000 	/usr/lib/libauto.dylib
0x00000000219ad000 	/usr/lib/libxml2.2.dylib
0x00000000219ad000 	/System/Library/PrivateFrameworks/CoreUI.framework/Versions/A/CoreUI
0x00000000219ad000 	/System/Library/Frameworks/CoreAudio.framework/Versions/A/CoreAudio
0x00000000219ad000 	/System/Library/Frameworks/DiskArbitration.framework/Versions/A/DiskArbitration
0x00000000219ad000 	/usr/lib/liblangid.dylib
0x00000000219ad000 	/System/Library/PrivateFrameworks/MultitouchSupport.framework/Versions/A/MultitouchSupport
0x00000000219ad000 	/System/Library/Frameworks/IOKit.framework/Versions/A/IOKit
0x00000000219ad000 	/usr/lib/libDiagnosticMessagesClient.dylib
0x00000000219ad000 	/System/Library/Frameworks/CoreServices.framework/Versions/A/CoreServices
0x00000000219ad000 	/System/Library/PrivateFrameworks/PerformanceAnalysis.framework/Versions/A/PerformanceAnalysis
0x00000000219ad000 	/System/Library/Frameworks/OpenGL.framework/Versions/A/OpenGL
0x00000000219ad000 	/System/Library/Frameworks/ColorSync.framework/Versions/A/ColorSync
0x00000000219ad000 	/System/Library/Frameworks/CoreImage.framework/Versions/A/CoreImage
0x00000000219ad000 	/System/Library/Frameworks/CoreText.framework/Versions/A/CoreText
0x00000000219ad000 	/System/Library/Frameworks/ImageIO.framework/Versions/A/ImageIO
0x00000000219ad000 	/System/Library/PrivateFrameworks/Backup.framework/Versions/A/Backup
0x00000000219ad000 	/usr/lib/libarchive.2.dylib
0x00000000219ad000 	/System/Library/Frameworks/CFNetwork.framework/Versions/A/CFNetwork
0x00000000219ad000 	/System/Library/Frameworks/SystemConfiguration.framework/Versions/A/SystemConfiguration
0x00000000219ad000 	/usr/lib/libCRFSuite.dylib
0x00000000219ad000 	/usr/lib/libc++.1.dylib
0x00000000219ad000 	/usr/lib/libc++abi.dylib
0x00000000219ad000 	/usr/lib/system/libcache.dylib
0x00000000219ad000 	/usr/lib/system/libcommonCrypto.dylib
0x00000000219ad000 	/usr/lib/system/libcompiler_rt.dylib
0x00000000219ad000 	/usr/lib/system/libcopyfile.dylib
0x00000000219ad000 	/usr/lib/system/libcorecrypto.dylib
0x00000000219ad000 	/usr/lib/system/libdispatch.dylib
0x00000000219ad000 	/usr/lib/system/libdyld.dylib
0x00000000219ad000 	/usr/lib/system/libkeymgr.dylib
0x00000000219ad000 	/usr/lib/system/liblaunch.dylib
0x00000000219ad000 	/usr/lib/system/libmacho.dylib
0x00000000219ad000 	/usr/lib/system/libquarantine.dylib
0x00000000219ad000 	/usr/lib/system/libremovefile.dylib
0x00000000219ad000 	/usr/lib/system/libsystem_asl.dylib
0x00000000219ad000 	/usr/lib/system/libsystem_blocks.dylib
0x00000000219ad000 	/usr/lib/system/libsystem_c.dylib
0x00000000219ad000 	/usr/lib/system/libsystem_configuration.dylib
0x00000000219ad000 	/usr/lib/system/libsystem_coreservices.dylib
0x00000000219ad000 	/usr/lib/system/libsystem_darwin.dylib
0x00000000219ad000 	/usr/lib/system/libsystem_dnssd.dylib
0x00000000219ad000 	/usr/lib/system/libsystem_info.dylib
0x00000000219ad000 	/usr/lib/system/libsystem_m.dylib
0x00000000219ad000 	/usr/lib/system/libsystem_malloc.dylib
0x00000000219ad000 	/usr/lib/system/libsystem_networkextension.dylib
0x00000000219ad000 	/usr/lib/system/libsystem_notify.dylib
0x00000000219ad000 	/usr/lib/system/libsystem_sandbox.dylib
0x00000000219ad000 	/usr/lib/system/libsystem_secinit.dylib
0x00000000219ad000 	/usr/lib/system/libsystem_kernel.dylib
0x00000000219ad000 	/usr/lib/system/libsystem_platform.dylib
0x00000000219ad000 	/usr/lib/system/libsystem_pthread.dylib
0x00000000219ad000 	/usr/lib/system/libsystem_symptoms.dylib
0x00000000219ad000 	/usr/lib/system/libsystem_trace.dylib
0x00000000219ad000 	/usr/lib/system/libunwind.dylib
0x00000000219ad000 	/usr/lib/system/libxpc.dylib
0x00000000219ad000 	/usr/lib/libbsm.0.dylib
0x00000000219ad000 	/usr/lib/system/libkxld.dylib
0x00000000219ad000 	/usr/lib/libOpenScriptingUtil.dylib
0x00000000219ad000 	/usr/lib/libcoretls.dylib
0x00000000219ad000 	/usr/lib/libcoretls_cfhelpers.dylib
0x00000000219ad000 	/usr/lib/libpam.2.dylib
0x00000000219ad000 	/usr/lib/libsqlite3.dylib
0x00000000219ad000 	/usr/lib/libxar.1.dylib
0x00000000219ad000 	/usr/lib/libbz2.1.0.dylib
0x00000000219ad000 	/usr/lib/liblzma.5.dylib
0x00000000219ad000 	/usr/lib/libnetwork.dylib
0x00000000219ad000 	/usr/lib/libapple_nghttp2.dylib
0x00000000219ad000 	/usr/lib/libpcap.A.dylib
0x00000000219ad000 	/System/Library/Frameworks/CoreServices.framework/Versions/A/Frameworks/FSEvents.framework/Versions/A/FSEvents
0x00000000219ad000 	/System/Library/Frameworks/CoreServices.framework/Versions/A/Frameworks/CarbonCore.framework/Versions/A/CarbonCore
0x00000000219ad000 	/System/Library/Frameworks/CoreServices.framework/Versions/A/Frameworks/Metadata.framework/Versions/A/Metadata
0x00000000219ad000 	/System/Library/Frameworks/CoreServices.framework/Versions/A/Frameworks/OSServices.framework/Versions/A/OSServices
0x00000000219ad000 	/System/Library/Frameworks/CoreServices.framework/Versions/A/Frameworks/SearchKit.framework/Versions/A/SearchKit
0x00000000219ad000 	/System/Library/Frameworks/CoreServices.framework/Versions/A/Frameworks/AE.framework/Versions/A/AE
0x00000000219ad000 	/System/Library/Frameworks/CoreServices.framework/Versions/A/Frameworks/LaunchServices.framework/Versions/A/LaunchServices
0x00000000219ad000 	/System/Library/Frameworks/CoreServices.framework/Versions/A/Frameworks/DictionaryServices.framework/Versions/A/DictionaryServices
0x00000000219ad000 	/System/Library/Frameworks/CoreServices.framework/Versions/A/Frameworks/SharedFileList.framework/Versions/A/SharedFileList
0x00000000219ad000 	/System/Library/Frameworks/NetFS.framework/Versions/A/NetFS
0x00000000219ad000 	/System/Library/PrivateFrameworks/NetAuth.framework/Versions/A/NetAuth
0x00000000219ad000 	/System/Library/PrivateFrameworks/login.framework/Versions/A/Frameworks/loginsupport.framework/Versions/A/loginsupport
0x00000000219ad000 	/System/Library/PrivateFrameworks/TCC.framework/Versions/A/TCC
0x00000000219ad000 	/System/Library/PrivateFrameworks/CoreNLP.framework/Versions/A/CoreNLP
0x00000000219ad000 	/System/Library/PrivateFrameworks/MetadataUtilities.framework/Versions/A/MetadataUtilities
0x00000000219ad000 	/usr/lib/libmecabra.dylib
0x00000000219ad000 	/System/Library/Frameworks/ApplicationServices.framework/Versions/A/Frameworks/ATS.framework/Versions/A/ATS
0x00000000219ad000 	/System/Library/Frameworks/ApplicationServices.framework/Versions/A/Frameworks/ColorSyncLegacy.framework/Versions/A/ColorSyncLegacy
0x00000000219ad000 	/System/Library/Frameworks/ApplicationServices.framework/Versions/A/Frameworks/HIServices.framework/Versions/A/HIServices
0x00000000219ad000 	/System/Library/Frameworks/ApplicationServices.framework/Versions/A/Frameworks/LangAnalysis.framework/Versions/A/LangAnalysis
0x00000000219ad000 	/System/Library/Frameworks/ApplicationServices.framework/Versions/A/Frameworks/PrintCore.framework/Versions/A/PrintCore
0x00000000219ad000 	/System/Library/Frameworks/ApplicationServices.framework/Versions/A/Frameworks/QD.framework/Versions/A/QD
0x00000000219ad000 	/System/Library/Frameworks/ApplicationServices.framework/Versions/A/Frameworks/SpeechSynthesis.framework/Versions/A/SpeechSynthesis
0x00000000219ad000 	/System/Library/Frameworks/CoreDisplay.framework/Versions/A/CoreDisplay
0x00000000219ad000 	/System/Library/Frameworks/MetalPerformanceShaders.framework/Versions/A/MetalPerformanceShaders
0x00000000219ad000 	/System/Library/Frameworks/Accelerate.framework/Versions/A/Frameworks/vImage.framework/Versions/A/vImage
0x00000000219ad000 	/System/Library/Frameworks/Accelerate.framework/Versions/A/Frameworks/vecLib.framework/Versions/A/vecLib
0x00000000219ad000 	/usr/lib/libcompression.dylib
0x00000000219ad000 	/System/Library/Frameworks/Accelerate.framework/Versions/A/Frameworks/vecLib.framework/Versions/A/libvMisc.dylib
0x00000000219ad000 	/System/Library/Frameworks/Accelerate.framework/Versions/A/Frameworks/vecLib.framework/Versions/A/libvDSP.dylib
0x00000000219ad000 	/System/Library/Frameworks/Accelerate.framework/Versions/A/Frameworks/vecLib.framework/Versions/A/libBLAS.dylib
0x00000000219ad000 	/System/Library/Frameworks/Accelerate.framework/Versions/A/Frameworks/vecLib.framework/Versions/A/libLAPACK.dylib
0x00000000219ad000 	/System/Library/Frameworks/Accelerate.framework/Versions/A/Frameworks/vecLib.framework/Versions/A/libLinearAlgebra.dylib
0x00000000219ad000 	/System/Library/Frameworks/Accelerate.framework/Versions/A/Frameworks/vecLib.framework/Versions/A/libSparseBLAS.dylib
0x00000000219ad000 	/System/Library/Frameworks/Accelerate.framework/Versions/A/Frameworks/vecLib.framework/Versions/A/libQuadrature.dylib
0x00000000219ad000 	/System/Library/Frameworks/Accelerate.framework/Versions/A/Frameworks/vecLib.framework/Versions/A/libBNNS.dylib
0x00000000219ad000 	/System/Library/Frameworks/Accelerate.framework/Versions/A/Frameworks/vecLib.framework/Versions/A/libSparse.dylib
0x00000000219ad000 	/System/Library/PrivateFrameworks/GPUWrangler.framework/Versions/A/GPUWrangler
0x00000000219ad000 	/System/Library/PrivateFrameworks/IOAccelerator.framework/Versions/A/IOAccelerator
0x00000000219ad000 	/System/Library/PrivateFrameworks/IOPresentment.framework/Versions/A/IOPresentment
0x00000000219ad000 	/System/Library/PrivateFrameworks/DSExternalDisplay.framework/Versions/A/DSExternalDisplay
0x00000000219ad000 	/System/Library/Frameworks/OpenGL.framework/Versions/A/Libraries/libCoreFSCache.dylib
0x00000000219ad000 	/System/Library/Frameworks/MetalPerformanceShaders.framework/Frameworks/MPSCore.framework/Versions/A/MPSCore
0x00000000219ad000 	/System/Library/Frameworks/MetalPerformanceShaders.framework/Frameworks/MPSImage.framework/Versions/A/MPSImage
0x00000000219ad000 	/System/Library/Frameworks/MetalPerformanceShaders.framework/Frameworks/MPSNeuralNetwork.framework/Versions/A/MPSNeuralNetwork
0x00000000219ad000 	/System/Library/Frameworks/MetalPerformanceShaders.framework/Frameworks/MPSMatrix.framework/Versions/A/MPSMatrix
0x00000000219ad000 	/System/Library/Frameworks/MetalPerformanceShaders.framework/Frameworks/MPSRayIntersector.framework/Versions/A/MPSRayIntersector
0x00000000219ad000 	/System/Library/PrivateFrameworks/MetalTools.framework/Versions/A/MetalTools
0x00000000219ad000 	/System/Library/PrivateFrameworks/AggregateDictionary.framework/Versions/A/AggregateDictionary
0x00000000219ad000 	/usr/lib/libMobileGestalt.dylib
0x00000000219ad000 	/System/Library/Frameworks/CoreVideo.framework/Versions/A/CoreVideo
0x00000000219ad000 	/System/Library/PrivateFrameworks/GraphVisualizer.framework/Versions/A/GraphVisualizer
0x00000000219ad000 	/System/Library/PrivateFrameworks/FaceCore.framework/Versions/A/FaceCore
0x00000000219ad000 	/System/Library/Frameworks/OpenCL.framework/Versions/A/OpenCL
0x00000000219ad000 	/usr/lib/libFosl_dynamic.dylib
0x00000000219ad000 	/System/Library/Frameworks/CoreText.framework/Versions/A/Frameworks/OTSVG.framework/Versions/A/OTSVG
0x00000000219ad000 	/System/Library/Frameworks/ApplicationServices.framework/Versions/A/Frameworks/ATS.framework/Versions/A/Resources/libFontParser.dylib
0x00000000219ad000 	/System/Library/Frameworks/ApplicationServices.framework/Versions/A/Frameworks/ATS.framework/Versions/A/Resources/libFontRegistry.dylib
0x00000000219ad000 	/System/Library/Frameworks/ImageIO.framework/Versions/A/Resources/libJPEG.dylib
0x00000000219ad000 	/System/Library/Frameworks/ImageIO.framework/Versions/A/Resources/libTIFF.dylib
0x00000000219ad000 	/System/Library/Frameworks/ImageIO.framework/Versions/A/Resources/libPng.dylib
0x00000000219ad000 	/System/Library/Frameworks/ImageIO.framework/Versions/A/Resources/libGIF.dylib
0x00000000219ad000 	/System/Library/Frameworks/ImageIO.framework/Versions/A/Resources/libJP2.dylib
0x00000000219ad000 	/System/Library/Frameworks/ImageIO.framework/Versions/A/Resources/libRadiance.dylib
0x00000000219ad000 	/System/Library/PrivateFrameworks/AppleJPEG.framework/Versions/A/AppleJPEG
0x00000000219ad000 	/System/Library/Frameworks/OpenGL.framework/Versions/A/Libraries/libGFXShared.dylib
0x00000000219ad000 	/System/Library/Frameworks/OpenGL.framework/Versions/A/Libraries/libGLU.dylib
0x00000000219ad000 	/System/Library/Frameworks/OpenGL.framework/Versions/A/Libraries/libGL.dylib
0x00000000219ad000 	/System/Library/Frameworks/OpenGL.framework/Versions/A/Libraries/libGLImage.dylib
0x00000000219ad000 	/System/Library/Frameworks/OpenGL.framework/Versions/A/Libraries/libCVMSPluginSupport.dylib
0x00000000219ad000 	/System/Library/Frameworks/OpenGL.framework/Versions/A/Libraries/libCoreVMClient.dylib
0x00000000219ad000 	/usr/lib/libcups.2.dylib
0x00000000219ad000 	/System/Library/Frameworks/Kerberos.framework/Versions/A/Kerberos
0x00000000219ad000 	/System/Library/Frameworks/GSS.framework/Versions/A/GSS
0x00000000219ad000 	/usr/lib/libresolv.9.dylib
0x00000000219ad000 	/usr/lib/libiconv.2.dylib
0x00000000219ad000 	/System/Library/PrivateFrameworks/Heimdal.framework/Versions/A/Heimdal
0x00000000219ad000 	/usr/lib/libheimdal-asn1.dylib
0x00000000219ad000 	/System/Library/Frameworks/OpenDirectory.framework/Versions/A/OpenDirectory
0x00000000219ad000 	/System/Library/PrivateFrameworks/CommonAuth.framework/Versions/A/CommonAuth
0x00000000219ad000 	/System/Library/Frameworks/OpenDirectory.framework/Versions/A/Frameworks/CFOpenDirectory.framework/Versions/A/CFOpenDirectory
0x00000000219ad000 	/System/Library/Frameworks/SecurityFoundation.framework/Versions/A/SecurityFoundation
0x00000000219ad000 	/System/Library/PrivateFrameworks/APFS.framework/Versions/A/APFS
0x00000000219ad000 	/usr/lib/libutil.dylib
0x00000000219ad000 	/usr/lib/libcharset.1.dylib
0x00000000219ad000 	/System/Library/PrivateFrameworks/AppleSauce.framework/Versions/A/AppleSauce
0x00000000219ad000 	/System/Library/PrivateFrameworks/AssertionServices.framework/Versions/A/AssertionServices
0x00000000219ad000 	/System/Library/PrivateFrameworks/BaseBoard.framework/Versions/A/BaseBoard
0x00000000219ad000 	/usr/lib/libmecab.1.0.0.dylib
0x00000000219ad000 	/usr/lib/libgermantok.dylib
0x00000000219ad000 	/usr/lib/libThaiTokenizer.dylib
0x00000000219ad000 	/usr/lib/libChineseTokenizer.dylib
0x00000000219ad000 	/System/Library/PrivateFrameworks/LanguageModeling.framework/Versions/A/LanguageModeling
0x00000000219ad000 	/System/Library/PrivateFrameworks/CoreEmoji.framework/Versions/A/CoreEmoji
0x00000000219ad000 	/System/Library/PrivateFrameworks/Lexicon.framework/Versions/A/Lexicon
0x00000000219ad000 	/System/Library/PrivateFrameworks/LinguisticData.framework/Versions/A/LinguisticData
0x00000000219ad000 	/usr/lib/libcmph.dylib
0x00000000219ad000 	/System/Library/Frameworks/ServiceManagement.framework/Versions/A/ServiceManagement
0x00000000219ad000 	/System/Library/PrivateFrameworks/BackgroundTaskManagement.framework/Versions/A/BackgroundTaskManagement
0x00000000219ad000 	/usr/lib/libxslt.1.dylib
0x00000000219ad000 	/System/Library/Frameworks/Carbon.framework/Versions/A/Frameworks/Ink.framework/Versions/A/Ink
0x00000000219ad000 	/System/Library/PrivateFrameworks/TextureIO.framework/Versions/A/TextureIO
0x00000000219ad000 	/usr/lib/libate.dylib
0x00000000219ad000 	/System/Library/PrivateFrameworks/CrashReporterSupport.framework/Versions/A/CrashReporterSupport
0x00000000219ad000 	/System/Library/PrivateFrameworks/Sharing.framework/Versions/A/Sharing
0x00000000219ad000 	/System/Library/PrivateFrameworks/Apple80211.framework/Versions/A/Apple80211
0x00000000219ad000 	/System/Library/PrivateFrameworks/CoreUtils.framework/Versions/A/CoreUtils
0x00000000219ad000 	/System/Library/Frameworks/CoreWLAN.framework/Versions/A/CoreWLAN
0x00000000219ad000 	/System/Library/Frameworks/IOBluetooth.framework/Versions/A/IOBluetooth
0x00000000219ad000 	/System/Library/PrivateFrameworks/ProtocolBuffer.framework/Versions/A/ProtocolBuffer
0x00000000219ad000 	/System/Library/PrivateFrameworks/CoreWiFi.framework/Versions/A/CoreWiFi
0x00000000219ad000 	/System/Library/PrivateFrameworks/MobileKeyBag.framework/Versions/A/MobileKeyBag
0x00000000219ad000 	/System/Library/Frameworks/CoreBluetooth.framework/Versions/A/CoreBluetooth
0x00000000219ad000 	/System/Library/PrivateFrameworks/DebugSymbols.framework/Versions/A/DebugSymbols
0x00000000219ad000 	/System/Library/PrivateFrameworks/CoreSymbolication.framework/Versions/A/CoreSymbolication
0x00000000219ad000 	/System/Library/PrivateFrameworks/Symbolication.framework/Versions/A/Symbolication
0x00000000219ad000 	/System/Library/PrivateFrameworks/AppleFSCompression.framework/Versions/A/AppleFSCompression
0x00000000219ad000 	/System/Library/PrivateFrameworks/SpeechRecognitionCore.framework/Versions/A/SpeechRecognitionCore
0x000000010c200000 	/Library/Java/JavaVirtualMachines/jdk1.8.0_111.jdk/Contents/Home/jre/lib/server/libjvm.dylib
0x00000000219ad000 	/usr/lib/libstdc++.6.dylib
0x000000010b9af000 	/Library/Java/JavaVirtualMachines/jdk1.8.0_111.jdk/Contents/Home/jre/lib/libverify.dylib
0x000000010b9bd000 	/Library/Java/JavaVirtualMachines/jdk1.8.0_111.jdk/Contents/Home/jre/lib/libjava.dylib
0x000000010d1e1000 	/Library/Java/JavaVirtualMachines/jdk1.8.0_111.jdk/Contents/Home/jre/lib/libzip.dylib
0x00000000219ad000 	/System/Library/Frameworks/JavaVM.framework/Versions/A/Frameworks/JavaRuntimeSupport.framework/Versions/A/JavaRuntimeSupport
0x00000000219ad000 	/System/Library/Frameworks/JavaVM.framework/Versions/A/Frameworks/JavaNativeFoundation.framework/Versions/A/JavaNativeFoundation
0x00000000219ad000 	/System/Library/Frameworks/JavaVM.framework/Versions/A/JavaVM
0x00000000219ad000 	/System/Library/Frameworks/Carbon.framework/Versions/A/Carbon
0x00000000219ad000 	/System/Library/PrivateFrameworks/JavaLaunching.framework/Versions/A/JavaLaunching
0x00000000219ad000 	/System/Library/Frameworks/Carbon.framework/Versions/A/Frameworks/CommonPanels.framework/Versions/A/CommonPanels
0x00000000219ad000 	/System/Library/Frameworks/Carbon.framework/Versions/A/Frameworks/Help.framework/Versions/A/Help
0x00000000219ad000 	/System/Library/Frameworks/Carbon.framework/Versions/A/Frameworks/ImageCapture.framework/Versions/A/ImageCapture
0x00000000219ad000 	/System/Library/Frameworks/Carbon.framework/Versions/A/Frameworks/OpenScripting.framework/Versions/A/OpenScripting
0x00000000219ad000 	/System/Library/Frameworks/Carbon.framework/Versions/A/Frameworks/Print.framework/Versions/A/Print
0x00000000219ad000 	/System/Library/Frameworks/Carbon.framework/Versions/A/Frameworks/SecurityHI.framework/Versions/A/SecurityHI
0x0000000110661000 	/Library/Java/JavaVirtualMachines/jdk1.8.0_111.jdk/Contents/Home/jre/lib/libawt.dylib
0x0000000110709000 	/Library/Java/JavaVirtualMachines/jdk1.8.0_111.jdk/Contents/Home/jre/lib/./libmlib_image.dylib
0x00000001107d5000 	/Library/Java/JavaVirtualMachines/jdk1.8.0_111.jdk/Contents/Home/jre/lib/libawt_lwawt.dylib
0x000000011088a000 	/Library/Java/JavaVirtualMachines/jdk1.8.0_111.jdk/Contents/Home/jre/lib/./libosxapp.dylib
0x00000000219ad000 	/System/Library/Frameworks/ExceptionHandling.framework/Versions/A/ExceptionHandling
0x00000000219ad000 	/System/Library/PrivateFrameworks/CoreServicesInternal.framework/Versions/A/CoreServicesInternal
0x00000000219ad000 	/System/Library/CoreServices/RawCamera.bundle/Contents/MacOS/RawCamera
0x00000000219ad000 	/System/Library/PrivateFrameworks/MobileAsset.framework/Versions/A/MobileAsset
0x00000000219ad000 	/System/Library/PrivateFrameworks/StreamingZip.framework/Versions/A/StreamingZip
0x00000000219ad000 	/System/Library/Frameworks/MediaToolbox.framework/Versions/A/MediaToolbox
0x00000000219ad000 	/System/Library/PrivateFrameworks/CoreAVCHD.framework/Versions/A/CoreAVCHD
0x00000000219ad000 	/System/Library/Frameworks/MediaAccessibility.framework/Versions/A/MediaAccessibility
0x00000000219ad000 	/System/Library/PrivateFrameworks/Mangrove.framework/Versions/A/Mangrove
0x00000000219ad000 	/System/Library/Frameworks/CoreMedia.framework/Versions/A/CoreMedia
0x00000000219ad000 	/System/Library/Frameworks/VideoToolbox.framework/Versions/A/VideoToolbox
0x00000000219ad000 	/System/Library/PrivateFrameworks/CoreAUC.framework/Versions/A/CoreAUC
0x00000000219ad000 	/usr/lib/libspindump.dylib
0x00000000219ad000 	/System/Library/PrivateFrameworks/AppleVA.framework/Versions/A/AppleVA
0x00000000219ad000 	/System/Library/Frameworks/Accelerate.framework/Versions/A/Frameworks/vImage.framework/Versions/A/Libraries/libCGInterfaces.dylib
0x00000000219ad000 	/System/Library/PrivateFrameworks/SidecarCore.framework/Versions/A/SidecarCore
0x00000000219ad000 	/System/Library/Frameworks/ApplicationServices.framework/Versions/A/Frameworks/ATS.framework/Versions/A/Resources/libTrueTypeScaler.dylib
0x00000000219ad000 	/System/Library/Extensions/AppleIntelSKLGraphicsMTLDriver.bundle/Contents/MacOS/AppleIntelSKLGraphicsMTLDriver
0x00000000219ad000 	/System/Library/PrivateFrameworks/GPUCompiler.framework/Versions/3902/Libraries/libmetal_timestamp.dylib
0x00000000219ad000 	/System/Library/PrivateFrameworks/FamilyControls.framework/Versions/A/FamilyControls
0x00000000219ad000 	/System/Library/PrivateFrameworks/CommerceKit.framework/Versions/A/Frameworks/CommerceCore.framework/Versions/A/CommerceCore
0x00000000219ad000 	/System/Library/PrivateFrameworks/SystemAdministration.framework/Versions/A/SystemAdministration
0x00000000219ad000 	/System/Library/PrivateFrameworks/AppContainer.framework/Versions/A/AppContainer
0x00000000219ad000 	/System/Library/PrivateFrameworks/AppSandbox.framework/Versions/A/AppSandbox
0x00000000219ad000 	/System/Library/PrivateFrameworks/SecCodeWrapper.framework/Versions/A/SecCodeWrapper
0x00000000219ad000 	/usr/lib/libsandbox.1.dylib
0x00000000219ad000 	/usr/lib/libMatch.1.dylib
0x00000000219ad000 	/System/Library/PrivateFrameworks/DiskManagement.framework/Versions/A/DiskManagement
0x00000000219ad000 	/System/Library/Frameworks/DirectoryService.framework/Versions/A/DirectoryService
0x00000000219ad000 	/System/Library/PrivateFrameworks/DiskImages.framework/Versions/A/DiskImages
0x00000000219ad000 	/System/Library/PrivateFrameworks/LoginUIKit.framework/Versions/A/Frameworks/LoginUICore.framework/Versions/A/LoginUICore
0x00000000219ad000 	/usr/lib/libCoreStorage.dylib
0x00000000219ad000 	/usr/lib/libcsfde.dylib
0x00000000219ad000 	/usr/lib/libodfde.dylib
0x00000000219ad000 	/System/Library/PrivateFrameworks/MediaKit.framework/Versions/A/MediaKit
0x00000000219ad000 	/System/Library/Frameworks/DiscRecording.framework/Versions/A/DiscRecording
0x00000000219ad000 	/System/Library/PrivateFrameworks/EFILogin.framework/Versions/A/EFILogin
0x00000000219ad000 	/System/Library/PrivateFrameworks/ProtectedCloudStorage.framework/Versions/A/ProtectedCloudStorage
0x00000000219ad000 	/usr/lib/libcurl.4.dylib
0x00000000219ad000 	/usr/lib/libcrypto.42.dylib
0x00000000219ad000 	/usr/lib/libssl.44.dylib
0x00000000219ad000 	/System/Library/Frameworks/LDAP.framework/Versions/A/LDAP
0x00000000219ad000 	/System/Library/PrivateFrameworks/TrustEvaluationAgent.framework/Versions/A/TrustEvaluationAgent
0x00000000219ad000 	/usr/lib/libsasl2.2.dylib
0x00000000219ad000 	/System/Library/PrivateFrameworks/CoreDaemon.framework/Versions/B/CoreDaemon
0x00000000219ad000 	/System/Library/PrivateFrameworks/AppleSRP.framework/Versions/A/AppleSRP
0x00000000219ad000 	/System/Library/PrivateFrameworks/ViewBridge.framework/Versions/A/ViewBridge
0x000000012b0a8000 	/Library/Java/JavaVirtualMachines/jdk1.8.0_111.jdk/Contents/Home/jre/lib/libfontmanager.dylib
0x000000012caeb000 	/Users/mr.blissfulgrin/Documents/Complubot/TRUTRU_2/Btt_Mega_True_True/lib/slick/liblwjgl.dylib
0x000000012b076000 	/Library/Java/JavaVirtualMachines/jdk1.8.0_111.jdk/Contents/Home/jre/lib/libjawt.dylib
0x000000012b079000 	/Library/Java/JavaVirtualMachines/jdk1.8.0_111.jdk/Contents/Home/jre/lib/libnio.dylib
0x000000012b10f000 	/Library/Java/JavaVirtualMachines/jdk1.8.0_111.jdk/Contents/Home/jre/lib/./libnet.dylib
0x00000000219ad000 	/System/Library/Frameworks/OpenGL.framework/Versions/A/Resources/GLEngine.bundle/GLEngine
0x00000000219ad000 	/System/Library/Frameworks/OpenGL.framework/Versions/A/Libraries/libGLProgrammability.dylib
0x00000000219ad000 	/System/Library/Extensions/AppleIntelSKLGraphicsGLDriver.bundle/Contents/MacOS/AppleIntelSKLGraphicsGLDriver
0x00000000219ad000 	/System/Library/PrivateFrameworks/GPUSupport.framework/Versions/A/Libraries/libGPUSupportMercury.dylib
0x00000000219ad000 	/System/Library/Frameworks/OpenGL.framework/Versions/A/Resources/GLRendererFloat.bundle/GLRendererFloat
0x00000000219ad000 	/System/Library/Frameworks/OpenCL.framework/Versions/A/Libraries/libcldcpuengine.dylib
0x000000012cd96000 	/Users/mr.blissfulgrin/Documents/Complubot/TRUTRU_2/Btt_Mega_True_True/lib/slick/libjinput-osx.dylib
0x0000000136c02000 	/System/Library/Extensions/IOHIDFamily.kext/Contents/PlugIns/IOHIDLib.plugin/Contents/MacOS/IOHIDLib
0x0000000136c46000 	/private/var/folders/s3/wwp7g3hn3r94628zwgkf5f800000gn/T/bluecove_mr.blissfulgrin_0/libbluecove.jnilib

VM Arguments:
jvm_args: -Dfile.encoding=UTF-8 -Djava.library.path=./lib/slick 
java_command: btt_mega_true_true.Btt_Mega_True_True
java_class_path (initial): /Users/mr.blissfulgrin/Documents/Complubot/TRUTRU_2/Btt_Mega_True_True/lib/bluecove-2.1.2.jar:/Users/mr.blissfulgrin/Documents/Java/slick/lib/ibxm.jar:/Users/mr.blissfulgrin/Documents/Java/slick/lib/jinput.jar:/Users/mr.blissfulgrin/Documents/Java/slick/lib/jnlp.jar:/Users/mr.blissfulgrin/Documents/Java/slick/lib/jogg-0.0.7.jar:/Users/mr.blissfulgrin/Documents/Java/slick/lib/jorbis-0.0.15.jar:/Users/mr.blissfulgrin/Documents/Java/slick/lib/lwjgl.jar:/Users/mr.blissfulgrin/Documents/Java/slick/lib/lwjgl_util.jar:/Users/mr.blissfulgrin/Documents/Java/slick/lib/lwjgl_util_applet.jar:/Users/mr.blissfulgrin/Documents/Java/slick/lib/natives-linux.jar:/Users/mr.blissfulgrin/Documents/Java/slick/lib/natives-mac.jar:/Users/mr.blissfulgrin/Documents/Java/slick/lib/natives-windows.jar:/Users/mr.blissfulgrin/Documents/Java/slick/lib/slick-examples.jar:/Users/mr.blissfulgrin/Documents/Java/slick/lib/slick.jar:/Users/mr.blissfulgrin/Documents/Java/slick/lib/tinylinepp.jar:/Users/mr.blissfulgrin/Documents/Complubot/TRUTRU_2/Btt_Mega_True_True/build/classes
Launcher Type: SUN_STANDARD

Environment Variables:
PATH=/usr/bin:/bin:/usr/sbin:/sbin
LD_LIBRARY_PATH=/Library/Java/JavaVirtualMachines/jdk1.8.0_111.jdk/Contents/Home/jre/lib/amd64:/Library/Java/JavaVirtualMachines/jdk1.8.0_111.jdk/Contents/Home/jre/lib/i386:
SHELL=/bin/bash
DISPLAY=/private/tmp/com.apple.launchd.rsFLGFUKx1/org.macosforge.xquartz:0

Signal Handlers:
SIGSEGV: [libjvm.dylib+0x5b03ed], sa_mask[0]=11111111011111110111111111111111, sa_flags=SA_ONSTACK|SA_RESTART|SA_SIGINFO
SIGBUS: [libjvm.dylib+0x5b03ed], sa_mask[0]=11111111011111110111111111111111, sa_flags=SA_RESTART|SA_SIGINFO
SIGFPE: [libjvm.dylib+0x48711c], sa_mask[0]=11111111011111110111111111111111, sa_flags=SA_RESTART|SA_SIGINFO
SIGPIPE: [libjvm.dylib+0x48711c], sa_mask[0]=11111111011111110111111111111111, sa_flags=SA_RESTART|SA_SIGINFO
SIGXFSZ: [libjvm.dylib+0x48711c], sa_mask[0]=11111111011111110111111111111111, sa_flags=SA_RESTART|SA_SIGINFO
SIGILL: [libjvm.dylib+0x48711c], sa_mask[0]=11111111011111110111111111111111, sa_flags=SA_RESTART|SA_SIGINFO
SIGUSR1: SIG_DFL, sa_mask[0]=00000000000000000000000000000000, sa_flags=none
SIGUSR2: [libjvm.dylib+0x486c3a], sa_mask[0]=00100000000000000000000000000000, sa_flags=SA_RESTART|SA_SIGINFO
SIGHUP: [libjvm.dylib+0x485211], sa_mask[0]=11111111011111110111111111111111, sa_flags=SA_RESTART|SA_SIGINFO
SIGINT: SIG_IGN, sa_mask[0]=00000000000000000000000000000000, sa_flags=none
SIGTERM: [libjvm.dylib+0x485211], sa_mask[0]=11111111011111110111111111111111, sa_flags=SA_RESTART|SA_SIGINFO
SIGQUIT: [libjvm.dylib+0x485211], sa_mask[0]=11111111011111110111111111111111, sa_flags=SA_RESTART|SA_SIGINFO


---------------  S Y S T E M  ---------------

OS:Bsduname:Darwin 18.0.0 Darwin Kernel Version 18.0.0: Sun Jun 10 19:23:56 PDT 2018; root:xnu-4903.200.249~5/RELEASE_X86_64 x86_64
rlimit: STACK 8192k, CORE 0k, NPROC 1418, NOFILE 10240, AS infinity
load average:1.12 0.89 0.79

CPU:total 4 (2 cores per cpu, 2 threads per core) family 6 model 78 stepping 3, cmov, cx8, fxsr, mmx, sse, sse2, sse3, ssse3, sse4.1, sse4.2, popcnt, avx, avx2, aes, clmul, erms, 3dnowpref, lzcnt, ht, tsc, tscinvbit, bmi1, bmi2, adx

Memory: 4k page, physical 16777216k(1981660k free)

/proc/meminfo:


vm_info: Java HotSpot(TM) 64-Bit Server VM (25.111-b14) for bsd-amd64 JRE (1.8.0_111-b14), built on Sep 22 2016 15:31:41 by "java_re" with gcc 4.2.1 (Based on Apple Inc. build 5658) (LLVM build 2336.11.00)

time: Fri Jul  6 14:14:48 2018
elapsed time: 5 seconds (0d 0h 0m 5s)

